<?xml version="1.0" encoding="UTF-8"?>
<!-- Generated by org.testng.reporters.JUnitXMLReporter -->
<testsuite ignored="0" hostname="tusshar" failures="0" tests="14" name="Test" time="159.362" errors="0" timestamp="2024-05-07T17:24:05 IST">
  <testcase classname="com.test.LoginPageTest" name="verifyLoginFailedOnInvalidCred" time="1.912"/>
  <testcase classname="com.test.LoginPageTest" name="verifyLoginSuccessfull" time="2.862"/>
  <testcase classname="com.test.SearchPageTest" name="verifyDevicesWithCategory" time="6.965">
    <skipped/>
  </testcase> <!-- verifyDevicesWithCategory -->
  <testcase classname="com.test.SearchPageTest" name="verifyDevicesWithCategory" time="4.897"/>
  <testcase classname="com.test.SearchPageTest" name="verifyDevicesWithCategory" time="3.012"/>
  <testcase classname="com.test.SearchPageTest" name="verifyDevicesWithCategory" time="2.78">
    <skipped/>
  </testcase> <!-- verifyDevicesWithCategory -->
  <testcase classname="com.test.SearchPageTest" name="verifyDevicesWithCategory" time="3.187">
    <skipped/>
  </testcase> <!-- verifyDevicesWithCategory -->
  <testcase classname="com.test.SearchPageTest" name="verifyDevicesWithCategory" time="14.305"/>
  <testcase classname="com.test.SearchPageTest" name="verifySearchResults" time="2.069"/>
  <testcase classname="com.test.SearchPageTest" name="verifySearchResults" time="1.891"/>
  <testcase classname="com.test.SearchPageTest" name="verifySearchResults" time="3.264"/>
  <testcase classname="com.test.SearchPageTest" name="verifySortByDescendingOrder" time="2.749"/>
  <testcase classname="com.test.SearchPageTest" name="verifySortByPriceHighToLow" time="2.903"/>
  <testcase classname="com.test.SearchPageTest" name="verifySortByPriceLowToHigh" time="3.2"/>
</testsuite> <!-- Test -->
