<?xml version="1.0" encoding="UTF-8"?>
<!-- Generated by org.testng.reporters.JUnitXMLReporter -->
<testsuite ignored="0" hostname="tusshar" failures="0" tests="11" name="Test" time="115.644" errors="0" timestamp="2024-05-04T00:29:43 IST">
  <testcase classname="com.test.LoginPageTest" name="verifyLoginFailedOnInvalidCred" time="2.244"/>
  <testcase classname="com.test.LoginPageTest" name="verifyLoginSuccessfull" time="3.225"/>
  <testcase classname="com.test.SearchPageTest" name="verifyDevicesWithCategory" time="3.938"/>
  <testcase classname="com.test.SearchPageTest" name="verifyDevicesWithCategory" time="2.835"/>
  <testcase classname="com.test.SearchPageTest" name="verifyDevicesWithCategory" time="2.058"/>
  <testcase classname="com.test.SearchPageTest" name="verifySearchResults" time="1.992"/>
  <testcase classname="com.test.SearchPageTest" name="verifySearchResults" time="1.194"/>
  <testcase classname="com.test.SearchPageTest" name="verifySearchResults" time="3.917"/>
  <testcase classname="com.test.SearchPageTest" name="verifySortByDescendingOrder" time="3.044"/>
  <testcase classname="com.test.SearchPageTest" name="verifySortByPriceHighToLow" time="6.385"/>
  <testcase classname="com.test.SearchPageTest" name="verifySortByPriceLowToHigh" time="2.393"/>
</testsuite> <!-- Test -->
