<?xml version="1.0" encoding="UTF-8"?>
<!-- Generated by org.testng.reporters.JUnitXMLReporter -->
<testsuite ignored="1" hostname="tusshar" failures="0" tests="1" name="Default test(failed)" time="11.345" errors="0" timestamp="2024-05-04T01:25:15 IST">
  <testcase classname="com.test.LoginPageTest" name="verifyLoginSuccessfull" time="3.079"/>
  <testcase classname="com.test.LoginPageTest" name="verifyLoginFailedOnInvalidCred" time="0.0">
    <ignored/>
  </testcase> <!-- verifyLoginFailedOnInvalidCred -->
</testsuite> <!-- Default test(failed) -->
