<?xml version="1.0" encoding="UTF-8"?>
<!-- Generated by org.testng.reporters.JUnitXMLReporter -->
<testsuite ignored="1" hostname="tusshar" failures="0" tests="1" name="Test(failed)(failed)(failed)" time="11.782" errors="0" timestamp="2024-05-03T16:12:05 IST">
  <testcase classname="com.test.SearchPageTest" name="verifyDevicesWithCategory" time="2.929"/>
  <testcase classname="com.test.SearchPageTest" name="verifySearchResults" time="0.0">
    <ignored/>
  </testcase> <!-- verifySearchResults -->
</testsuite> <!-- Test(failed)(failed)(failed) -->
