<?xml version="1.0" encoding="UTF-8"?>
<testng-results ignored="0" total="14" passed="14" failed="0" skipped="0">
  <reporter-output>
  </reporter-output>
  <suite started-at="2024-05-10T23:35:00 IST" name="Suite" finished-at="2024-05-10T23:36:26 IST" duration-ms="86432">
    <groups>
    </groups>
    <test started-at="2024-05-10T23:35:00 IST" name="Test" finished-at="2024-05-10T23:36:26 IST" duration-ms="86432">
      <class name="com.test.SearchPageTest">
        <test-method is-config="true" signature="reportinitialize()[pri:0, instance:com.test.SearchPageTest@50378a4]" started-at="2024-05-10T23:35:00 IST" name="reportinitialize" finished-at="2024-05-10T23:35:00 IST" duration-ms="2" status="PASS">
          <reporter-output>
          </reporter-output>
        </test-method> <!-- reportinitialize -->
        <test-method is-config="true" signature="setUp()[pri:0, instance:com.test.SearchPageTest@50378a4]" started-at="2024-05-10T23:35:15 IST" name="setUp" finished-at="2024-05-10T23:35:18 IST" duration-ms="2913" status="PASS">
          <reporter-output>
          </reporter-output>
        </test-method> <!-- setUp -->
        <test-method signature="verifyDevicesWithCategory(java.lang.String)[pri:0, instance:com.test.SearchPageTest@50378a4]" started-at="2024-05-10T23:35:18 IST" name="verifyDevicesWithCategory" data-provider="category" finished-at="2024-05-10T23:35:20 IST" duration-ms="2103" status="PASS">
          <params>
            <param index="0">
              <value>
                <![CDATA[1]]>
              </value>
            </param>
          </params>
          <reporter-output>
          </reporter-output>
        </test-method> <!-- verifyDevicesWithCategory -->
        <test-method is-config="true" signature="tearDown()[pri:0, instance:com.test.SearchPageTest@50378a4]" started-at="2024-05-10T23:35:20 IST" name="tearDown" finished-at="2024-05-10T23:35:21 IST" duration-ms="528" status="PASS">
          <reporter-output>
          </reporter-output>
        </test-method> <!-- tearDown -->
        <test-method is-config="true" signature="setUp()[pri:0, instance:com.test.SearchPageTest@50378a4]" started-at="2024-05-10T23:35:21 IST" name="setUp" finished-at="2024-05-10T23:35:27 IST" duration-ms="5997" status="PASS">
          <reporter-output>
          </reporter-output>
        </test-method> <!-- setUp -->
        <test-method signature="verifyDevicesWithCategory(java.lang.String)[pri:0, instance:com.test.SearchPageTest@50378a4]" started-at="2024-05-10T23:35:27 IST" name="verifyDevicesWithCategory" data-provider="category" finished-at="2024-05-10T23:35:29 IST" duration-ms="1883" status="PASS">
          <params>
            <param index="0">
              <value>
                <![CDATA[2]]>
              </value>
            </param>
          </params>
          <reporter-output>
          </reporter-output>
        </test-method> <!-- verifyDevicesWithCategory -->
        <test-method is-config="true" signature="tearDown()[pri:0, instance:com.test.SearchPageTest@50378a4]" started-at="2024-05-10T23:35:29 IST" name="tearDown" finished-at="2024-05-10T23:35:29 IST" duration-ms="475" status="PASS">
          <reporter-output>
          </reporter-output>
        </test-method> <!-- tearDown -->
        <test-method is-config="true" signature="setUp()[pri:0, instance:com.test.SearchPageTest@50378a4]" started-at="2024-05-10T23:35:29 IST" name="setUp" finished-at="2024-05-10T23:35:33 IST" duration-ms="3717" status="PASS">
          <reporter-output>
          </reporter-output>
        </test-method> <!-- setUp -->
        <test-method signature="verifyDevicesWithCategory(java.lang.String)[pri:0, instance:com.test.SearchPageTest@50378a4]" started-at="2024-05-10T23:35:33 IST" name="verifyDevicesWithCategory" data-provider="category" finished-at="2024-05-10T23:35:35 IST" duration-ms="2303" status="PASS">
          <params>
            <param index="0">
              <value>
                <![CDATA[3]]>
              </value>
            </param>
          </params>
          <reporter-output>
          </reporter-output>
        </test-method> <!-- verifyDevicesWithCategory -->
        <test-method is-config="true" signature="tearDown()[pri:0, instance:com.test.SearchPageTest@50378a4]" started-at="2024-05-10T23:35:35 IST" name="tearDown" finished-at="2024-05-10T23:35:35 IST" duration-ms="447" status="PASS">
          <reporter-output>
          </reporter-output>
        </test-method> <!-- tearDown -->
        <test-method is-config="true" signature="setUp()[pri:0, instance:com.test.SearchPageTest@50378a4]" started-at="2024-05-10T23:35:35 IST" name="setUp" finished-at="2024-05-10T23:35:39 IST" duration-ms="3474" status="PASS">
          <reporter-output>
          </reporter-output>
        </test-method> <!-- setUp -->
        <test-method signature="verifySearchResults(java.lang.String)[pri:0, instance:com.test.SearchPageTest@50378a4]" started-at="2024-05-10T23:35:39 IST" name="verifySearchResults" data-provider="devices" finished-at="2024-05-10T23:35:41 IST" duration-ms="1793" status="PASS">
          <params>
            <param index="0">
              <value>
                <![CDATA[Apple]]>
              </value>
            </param>
          </params>
          <reporter-output>
          </reporter-output>
        </test-method> <!-- verifySearchResults -->
        <test-method is-config="true" signature="tearDown()[pri:0, instance:com.test.SearchPageTest@50378a4]" started-at="2024-05-10T23:35:41 IST" name="tearDown" finished-at="2024-05-10T23:35:41 IST" duration-ms="514" status="PASS">
          <reporter-output>
          </reporter-output>
        </test-method> <!-- tearDown -->
        <test-method is-config="true" signature="setUp()[pri:0, instance:com.test.SearchPageTest@50378a4]" started-at="2024-05-10T23:35:41 IST" name="setUp" finished-at="2024-05-10T23:35:44 IST" duration-ms="2322" status="PASS">
          <reporter-output>
          </reporter-output>
        </test-method> <!-- setUp -->
        <test-method signature="verifySearchResults(java.lang.String)[pri:0, instance:com.test.SearchPageTest@50378a4]" started-at="2024-05-10T23:35:44 IST" name="verifySearchResults" data-provider="devices" finished-at="2024-05-10T23:35:45 IST" duration-ms="1795" status="PASS">
          <params>
            <param index="0">
              <value>
                <![CDATA[Sony]]>
              </value>
            </param>
          </params>
          <reporter-output>
          </reporter-output>
        </test-method> <!-- verifySearchResults -->
        <test-method is-config="true" signature="tearDown()[pri:0, instance:com.test.SearchPageTest@50378a4]" started-at="2024-05-10T23:35:45 IST" name="tearDown" finished-at="2024-05-10T23:35:46 IST" duration-ms="527" status="PASS">
          <reporter-output>
          </reporter-output>
        </test-method> <!-- tearDown -->
        <test-method is-config="true" signature="setUp()[pri:0, instance:com.test.SearchPageTest@50378a4]" started-at="2024-05-10T23:35:46 IST" name="setUp" finished-at="2024-05-10T23:35:49 IST" duration-ms="3038" status="PASS">
          <reporter-output>
          </reporter-output>
        </test-method> <!-- setUp -->
        <test-method signature="verifySearchResults(java.lang.String)[pri:0, instance:com.test.SearchPageTest@50378a4]" started-at="2024-05-10T23:35:49 IST" name="verifySearchResults" data-provider="devices" finished-at="2024-05-10T23:35:50 IST" duration-ms="1094" status="PASS">
          <params>
            <param index="0">
              <value>
                <![CDATA[Canon]]>
              </value>
            </param>
          </params>
          <reporter-output>
          </reporter-output>
        </test-method> <!-- verifySearchResults -->
        <test-method is-config="true" signature="tearDown()[pri:0, instance:com.test.SearchPageTest@50378a4]" started-at="2024-05-10T23:35:50 IST" name="tearDown" finished-at="2024-05-10T23:35:50 IST" duration-ms="455" status="PASS">
          <reporter-output>
          </reporter-output>
        </test-method> <!-- tearDown -->
        <test-method is-config="true" signature="setUp()[pri:0, instance:com.test.SearchPageTest@50378a4]" started-at="2024-05-10T23:35:50 IST" name="setUp" finished-at="2024-05-10T23:35:53 IST" duration-ms="3026" status="PASS">
          <reporter-output>
          </reporter-output>
        </test-method> <!-- setUp -->
        <test-method signature="verifySortByDescendingOrder()[pri:0, instance:com.test.SearchPageTest@50378a4]" started-at="2024-05-10T23:35:53 IST" name="verifySortByDescendingOrder" finished-at="2024-05-10T23:35:55 IST" duration-ms="1943" status="PASS">
          <reporter-output>
          </reporter-output>
        </test-method> <!-- verifySortByDescendingOrder -->
        <test-method is-config="true" signature="tearDown()[pri:0, instance:com.test.SearchPageTest@50378a4]" started-at="2024-05-10T23:35:55 IST" name="tearDown" finished-at="2024-05-10T23:35:56 IST" duration-ms="440" status="PASS">
          <reporter-output>
          </reporter-output>
        </test-method> <!-- tearDown -->
        <test-method is-config="true" signature="setUp()[pri:0, instance:com.test.SearchPageTest@50378a4]" started-at="2024-05-10T23:35:56 IST" name="setUp" finished-at="2024-05-10T23:35:59 IST" duration-ms="3300" status="PASS">
          <reporter-output>
          </reporter-output>
        </test-method> <!-- setUp -->
        <test-method signature="verifySortByPriceHighToLow()[pri:0, instance:com.test.SearchPageTest@50378a4]" started-at="2024-05-10T23:35:59 IST" name="verifySortByPriceHighToLow" finished-at="2024-05-10T23:36:01 IST" duration-ms="1611" status="PASS">
          <reporter-output>
          </reporter-output>
        </test-method> <!-- verifySortByPriceHighToLow -->
        <test-method is-config="true" signature="tearDown()[pri:0, instance:com.test.SearchPageTest@50378a4]" started-at="2024-05-10T23:36:01 IST" name="tearDown" finished-at="2024-05-10T23:36:01 IST" duration-ms="421" status="PASS">
          <reporter-output>
          </reporter-output>
        </test-method> <!-- tearDown -->
        <test-method is-config="true" signature="setUp()[pri:0, instance:com.test.SearchPageTest@50378a4]" started-at="2024-05-10T23:36:01 IST" name="setUp" finished-at="2024-05-10T23:36:04 IST" duration-ms="3054" status="PASS">
          <reporter-output>
          </reporter-output>
        </test-method> <!-- setUp -->
        <test-method signature="verifySortByPriceLowToHigh()[pri:0, instance:com.test.SearchPageTest@50378a4]" started-at="2024-05-10T23:36:04 IST" name="verifySortByPriceLowToHigh" finished-at="2024-05-10T23:36:06 IST" duration-ms="1655" status="PASS">
          <reporter-output>
          </reporter-output>
        </test-method> <!-- verifySortByPriceLowToHigh -->
        <test-method is-config="true" signature="tearDown()[pri:0, instance:com.test.SearchPageTest@50378a4]" started-at="2024-05-10T23:36:06 IST" name="tearDown" finished-at="2024-05-10T23:36:06 IST" duration-ms="417" status="PASS">
          <reporter-output>
          </reporter-output>
        </test-method> <!-- tearDown -->
        <test-method is-config="true" signature="closeReport()[pri:0, instance:com.test.SearchPageTest@50378a4]" started-at="2024-05-10T23:36:28 IST" name="closeReport" finished-at="2024-05-10T23:36:28 IST" duration-ms="106" status="PASS">
          <reporter-output>
          </reporter-output>
        </test-method> <!-- closeReport -->
      </class> <!-- com.test.SearchPageTest -->
      <class name="com.test.ProductPageTest">
        <test-method is-config="true" signature="reportInitialization()[pri:0, instance:com.test.ProductPageTest@60f00693]" started-at="2024-05-10T23:35:00 IST" name="reportInitialization" finished-at="2024-05-10T23:35:00 IST" duration-ms="1" status="PASS">
          <reporter-output>
          </reporter-output>
        </test-method> <!-- reportInitialization -->
        <test-method is-config="true" signature="setup()[pri:0, instance:com.test.ProductPageTest@60f00693]" started-at="2024-05-10T23:36:06 IST" name="setup" finished-at="2024-05-10T23:36:11 IST" duration-ms="4625" status="PASS">
          <reporter-output>
          </reporter-output>
        </test-method> <!-- setup -->
        <test-method signature="verifyDescriptionText()[pri:0, instance:com.test.ProductPageTest@60f00693]" started-at="2024-05-10T23:36:11 IST" name="verifyDescriptionText" finished-at="2024-05-10T23:36:11 IST" duration-ms="250" status="PASS">
          <reporter-output>
          </reporter-output>
        </test-method> <!-- verifyDescriptionText -->
        <test-method is-config="true" signature="teardown()[pri:0, instance:com.test.ProductPageTest@60f00693]" started-at="2024-05-10T23:36:11 IST" name="teardown" finished-at="2024-05-10T23:36:12 IST" duration-ms="511" status="PASS">
          <reporter-output>
          </reporter-output>
        </test-method> <!-- teardown -->
        <test-method is-config="true" signature="setup()[pri:0, instance:com.test.ProductPageTest@60f00693]" started-at="2024-05-10T23:36:12 IST" name="setup" finished-at="2024-05-10T23:36:17 IST" duration-ms="5131" status="PASS">
          <reporter-output>
          </reporter-output>
        </test-method> <!-- setup -->
        <test-method signature="verifyIsReviewSubmittedWithoutLogIn()[pri:0, instance:com.test.ProductPageTest@60f00693]" started-at="2024-05-10T23:36:17 IST" name="verifyIsReviewSubmittedWithoutLogIn" finished-at="2024-05-10T23:36:20 IST" duration-ms="3486" status="PASS">
          <reporter-output>
          </reporter-output>
        </test-method> <!-- verifyIsReviewSubmittedWithoutLogIn -->
        <test-method is-config="true" signature="teardown()[pri:0, instance:com.test.ProductPageTest@60f00693]" started-at="2024-05-10T23:36:20 IST" name="teardown" finished-at="2024-05-10T23:36:21 IST" duration-ms="472" status="PASS">
          <reporter-output>
          </reporter-output>
        </test-method> <!-- teardown -->
        <test-method is-config="true" signature="setup()[pri:0, instance:com.test.ProductPageTest@60f00693]" started-at="2024-05-10T23:36:21 IST" name="setup" finished-at="2024-05-10T23:36:25 IST" duration-ms="4602" status="PASS">
          <reporter-output>
          </reporter-output>
        </test-method> <!-- setup -->
        <test-method signature="verifySpecification()[pri:0, instance:com.test.ProductPageTest@60f00693]" started-at="2024-05-10T23:36:25 IST" name="verifySpecification" finished-at="2024-05-10T23:36:26 IST" duration-ms="313" status="PASS">
          <reporter-output>
          </reporter-output>
        </test-method> <!-- verifySpecification -->
        <test-method is-config="true" signature="teardown()[pri:0, instance:com.test.ProductPageTest@60f00693]" started-at="2024-05-10T23:36:26 IST" name="teardown" finished-at="2024-05-10T23:36:26 IST" duration-ms="454" status="PASS">
          <reporter-output>
          </reporter-output>
        </test-method> <!-- teardown -->
        <test-method is-config="true" signature="closeReport()[pri:0, instance:com.test.ProductPageTest@60f00693]" started-at="2024-05-10T23:36:27 IST" name="closeReport" finished-at="2024-05-10T23:36:28 IST" duration-ms="157" status="PASS">
          <reporter-output>
          </reporter-output>
        </test-method> <!-- closeReport -->
      </class> <!-- com.test.ProductPageTest -->
      <class name="com.test.LoginPageTest">
        <test-method is-config="true" signature="reportinitialize()[pri:0, instance:com.test.LoginPageTest@30f842ca]" started-at="2024-05-10T23:34:59 IST" name="reportinitialize" finished-at="2024-05-10T23:35:00 IST" duration-ms="627" status="PASS">
          <reporter-output>
          </reporter-output>
        </test-method> <!-- reportinitialize -->
        <test-method is-config="true" signature="setup()[pri:0, instance:com.test.LoginPageTest@30f842ca]" started-at="2024-05-10T23:35:00 IST" name="setup" finished-at="2024-05-10T23:35:06 IST" duration-ms="5940" status="PASS">
          <reporter-output>
          </reporter-output>
        </test-method> <!-- setup -->
        <test-method signature="verifyLoginFailedOnInvalidCred()[pri:0, instance:com.test.LoginPageTest@30f842ca]" started-at="2024-05-10T23:35:06 IST" name="verifyLoginFailedOnInvalidCred" finished-at="2024-05-10T23:35:07 IST" duration-ms="1353" status="PASS">
          <reporter-output>
          </reporter-output>
        </test-method> <!-- verifyLoginFailedOnInvalidCred -->
        <test-method is-config="true" signature="tearDown()[pri:0, instance:com.test.LoginPageTest@30f842ca]" started-at="2024-05-10T23:35:07 IST" name="tearDown" finished-at="2024-05-10T23:35:08 IST" duration-ms="455" status="PASS">
          <reporter-output>
          </reporter-output>
        </test-method> <!-- tearDown -->
        <test-method is-config="true" signature="setup()[pri:0, instance:com.test.LoginPageTest@30f842ca]" started-at="2024-05-10T23:35:08 IST" name="setup" finished-at="2024-05-10T23:35:11 IST" duration-ms="3762" status="PASS">
          <reporter-output>
          </reporter-output>
        </test-method> <!-- setup -->
        <test-method signature="verifyLoginSuccessfull()[pri:0, instance:com.test.LoginPageTest@30f842ca]" started-at="2024-05-10T23:35:11 IST" name="verifyLoginSuccessfull" finished-at="2024-05-10T23:35:15 IST" duration-ms="3233" status="PASS">
          <reporter-output>
          </reporter-output>
        </test-method> <!-- verifyLoginSuccessfull -->
        <test-method is-config="true" signature="tearDown()[pri:0, instance:com.test.LoginPageTest@30f842ca]" started-at="2024-05-10T23:35:15 IST" name="tearDown" finished-at="2024-05-10T23:35:15 IST" duration-ms="448" status="PASS">
          <reporter-output>
          </reporter-output>
        </test-method> <!-- tearDown -->
        <test-method is-config="true" signature="closeReport()[pri:0, instance:com.test.LoginPageTest@30f842ca]" started-at="2024-05-10T23:36:26 IST" name="closeReport" finished-at="2024-05-10T23:36:27 IST" duration-ms="1156" status="PASS">
          <reporter-output>
          </reporter-output>
        </test-method> <!-- closeReport -->
      </class> <!-- com.test.LoginPageTest -->
    </test> <!-- Test -->
  </suite> <!-- Suite -->
</testng-results>
