<?xml version="1.0" encoding="UTF-8"?>
<testng-results ignored="1" total="2" passed="1" failed="0" skipped="0">
  <reporter-output>
  </reporter-output>
  <suite started-at="2024-05-08T19:24:41 IST" name="Default suite" finished-at="2024-05-08T19:24:51 IST" duration-ms="10065">
    <groups>
    </groups>
    <test started-at="2024-05-08T19:24:41 IST" name="Default test" finished-at="2024-05-08T19:24:51 IST" duration-ms="10065">
      <class name="com.test.LoginPageTest">
        <test-method is-config="true" signature="reportinitialize()[pri:0, instance:com.test.LoginPageTest@f1da57d]" started-at="2024-05-08T19:24:41 IST" name="reportinitialize" finished-at="2024-05-08T19:24:41 IST" duration-ms="509" status="PASS">
          <reporter-output>
          </reporter-output>
        </test-method> <!-- reportinitialize -->
        <test-method is-config="true" signature="setup()[pri:0, instance:com.test.LoginPageTest@f1da57d]" started-at="2024-05-08T19:24:41 IST" name="setup" finished-at="2024-05-08T19:24:48 IST" duration-ms="7185" status="PASS">
          <reporter-output>
          </reporter-output>
        </test-method> <!-- setup -->
        <test-method signature="verifyLoginSuccessfull()[pri:0, instance:com.test.LoginPageTest@f1da57d]" started-at="2024-05-08T19:24:48 IST" name="verifyLoginSuccessfull" finished-at="2024-05-08T19:24:51 IST" duration-ms="2276" status="PASS">
          <reporter-output>
          </reporter-output>
        </test-method> <!-- verifyLoginSuccessfull -->
        <test-method is-config="true" signature="tearDown()[pri:0, instance:com.test.LoginPageTest@f1da57d]" started-at="2024-05-08T19:24:51 IST" name="tearDown" finished-at="2024-05-08T19:24:51 IST" duration-ms="542" status="PASS">
          <reporter-output>
          </reporter-output>
        </test-method> <!-- tearDown -->
        <test-method is-config="true" signature="closeReport()[pri:0, instance:com.test.LoginPageTest@f1da57d]" started-at="2024-05-08T19:24:51 IST" name="closeReport" finished-at="2024-05-08T19:24:52 IST" duration-ms="1020" status="PASS">
          <reporter-output>
          </reporter-output>
        </test-method> <!-- closeReport -->
      </class> <!-- com.test.LoginPageTest -->
    </test> <!-- Default test -->
  </suite> <!-- Default suite -->
</testng-results>
