<?xml version="1.0" encoding="UTF-8"?>
<!-- Generated by org.testng.reporters.JUnitXMLReporter -->
<testsuite ignored="4" hostname="tusshar" failures="0" tests="1" name="Default test" time="7.919" errors="0" timestamp="2024-05-03T23:42:27 IST">
  <testcase classname="com.test.SearchPageTest" name="verifySortByPriceLowToHigh" time="1.924"/>
  <testcase classname="com.test.SearchPageTest" name="verifySearchResults" time="0.0">
    <ignored/>
  </testcase> <!-- verifySearchResults -->
  <testcase classname="com.test.SearchPageTest" name="verifySortByPriceHighToLow" time="0.0">
    <ignored/>
  </testcase> <!-- verifySortByPriceHighToLow -->
  <testcase classname="com.test.SearchPageTest" name="verifyDevicesWithCategory" time="0.0">
    <ignored/>
  </testcase> <!-- verifyDevicesWithCategory -->
  <testcase classname="com.test.SearchPageTest" name="verifySortByDescendingOrder" time="0.0">
    <ignored/>
  </testcase> <!-- verifySortByDescendingOrder -->
</testsuite> <!-- Default test -->
